<?xml version="1.0" encoding="utf-8" standalone="no"?>
<!--This file represents the results of running a test suite-->
<test-results name="C:\Final_SBA\SkillTracker\SkillTracker.Services.Tests\SkillTracker.Services.Tests.csproj" total="18" errors="0" failures="0" not-run="0" inconclusive="0" ignored="0" skipped="0" invalid="0" date="2018-07-12" time="13:36:06">
  <environment nunit-version="3.4.1.0" clr-version="4.0.30319.42000" os-version="Microsoft Windows NT 10.0.17134.0" platform="Win32NT" cwd="C:\Program Files (x86)\Jenkins\workspace\SkillTrackerService" machine-name="DOTNET" user="SYSTEM" user-domain="WORKGROUP" />
  <culture-info current-culture="en-IN" current-uiculture="en-US" />
  <test-suite type="Project" name="C:\Final_SBA\SkillTracker\SkillTracker.Services.Tests\SkillTracker.Services.Tests.csproj" executed="True" result="Success" success="True" time="0.000" asserts="29">
    <results>
      <test-suite type="Assembly" name="C:\Final_SBA\SkillTracker\SkillTracker.Services.Tests\bin\Debug\SkillTracker.Services.Tests.dll" executed="True" result="Success" success="True" time="12.271" asserts="29">
        <properties>
          <property name="_PID" value="6572" />
          <property name="_APPDOMAIN" value="test-domain-SkillTracker.Services.Tests.csproj" />
        </properties>
        <results>
          <test-suite type="TestSuite" name="SkillTracker" executed="True" result="Success" success="True" time="12.150" asserts="29">
            <results>
              <test-suite type="TestSuite" name="Services" executed="True" result="Success" success="True" time="12.145" asserts="29">
                <results>
                  <test-suite type="TestSuite" name="Tests" executed="True" result="Success" success="True" time="12.142" asserts="29">
                    <results>
                      <test-suite type="TestFixture" name="AssociatesServiceTests" executed="True" result="Success" success="True" time="11.693" asserts="11">
                        <results>
                          <test-case name="SkillTracker.Services.Tests.AssociatesServiceTests.GetAllAssociates" executed="True" result="Success" success="True" time="9.354" asserts="2">
                            <properties>
                              <property name="Order" value="1" />
                            </properties>
                          </test-case>
                          <test-case name="SkillTracker.Services.Tests.AssociatesServiceTests.GetAssociateById" executed="True" result="Success" success="True" time="0.809" asserts="2">
                            <properties>
                              <property name="Order" value="2" />
                            </properties>
                          </test-case>
                          <test-case name="SkillTracker.Services.Tests.AssociatesServiceTests.GetAssociateByEmail" executed="True" result="Success" success="True" time="0.063" asserts="2">
                            <properties>
                              <property name="Order" value="3" />
                            </properties>
                          </test-case>
                          <test-case name="SkillTracker.Services.Tests.AssociatesServiceTests.CreateAssociateTest" executed="True" result="Success" success="True" time="1.163" asserts="2">
                            <properties>
                              <property name="Order" value="4" />
                            </properties>
                          </test-case>
                          <test-case name="SkillTracker.Services.Tests.AssociatesServiceTests.UpdateAssociateTest" executed="True" result="Success" success="True" time="0.067" asserts="2">
                            <properties>
                              <property name="Order" value="5" />
                            </properties>
                          </test-case>
                          <test-case name="SkillTracker.Services.Tests.AssociatesServiceTests.DeleteAssociateTest" executed="True" result="Success" success="True" time="0.177" asserts="1">
                            <properties>
                              <property name="Order" value="6" />
                            </properties>
                          </test-case>
                        </results>
                      </test-suite>
                      <test-suite type="TestFixture" name="SkillServiceTests" executed="True" result="Success" success="True" time="0.278" asserts="11">
                        <results>
                          <test-case name="SkillTracker.Services.Tests.SkillServiceTests.GetAllSkills" executed="True" result="Success" success="True" time="0.134" asserts="2">
                            <properties>
                              <property name="Order" value="1" />
                            </properties>
                          </test-case>
                          <test-case name="SkillTracker.Services.Tests.SkillServiceTests.GetSkill" executed="True" result="Success" success="True" time="0.015" asserts="2">
                            <properties>
                              <property name="Order" value="2" />
                            </properties>
                          </test-case>
                          <test-case name="SkillTracker.Services.Tests.SkillServiceTests.GetSkillByName" executed="True" result="Success" success="True" time="0.034" asserts="2">
                            <properties>
                              <property name="Order" value="3" />
                            </properties>
                          </test-case>
                          <test-case name="SkillTracker.Services.Tests.SkillServiceTests.CreateSkillTest" executed="True" result="Success" success="True" time="0.016" asserts="2">
                            <properties>
                              <property name="Order" value="4" />
                            </properties>
                          </test-case>
                          <test-case name="SkillTracker.Services.Tests.SkillServiceTests.UpdateSkillTest" executed="True" result="Success" success="True" time="0.017" asserts="2">
                            <properties>
                              <property name="Order" value="5" />
                            </properties>
                          </test-case>
                          <test-case name="SkillTracker.Services.Tests.SkillServiceTests.DeleteSkillTest" executed="True" result="Success" success="True" time="0.016" asserts="1">
                            <properties>
                              <property name="Order" value="6" />
                            </properties>
                          </test-case>
                        </results>
                      </test-suite>
                      <test-suite type="TestFixture" name="UserServiceTests" executed="True" result="Success" success="True" time="0.145" asserts="7">
                        <results>
                          <test-case name="SkillTracker.Services.Tests.UserServiceTests.CreateUserTest" executed="True" result="Success" success="True" time="0.064" asserts="1">
                            <properties>
                              <property name="Order" value="1" />
                            </properties>
                          </test-case>
                          <test-case name="SkillTracker.Services.Tests.UserServiceTests.GetUserTest" executed="True" result="Success" success="True" time="0.006" asserts="1">
                            <properties>
                              <property name="Order" value="2" />
                            </properties>
                          </test-case>
                          <test-case name="SkillTracker.Services.Tests.UserServiceTests.GetUserByUserNameTest" executed="True" result="Success" success="True" time="0.004" asserts="1">
                            <properties>
                              <property name="Order" value="3" />
                            </properties>
                          </test-case>
                          <test-case name="SkillTracker.Services.Tests.UserServiceTests.GetUsersTest" executed="True" result="Success" success="True" time="0.005" asserts="2">
                            <properties>
                              <property name="Order" value="4" />
                            </properties>
                          </test-case>
                          <test-case name="SkillTracker.Services.Tests.UserServiceTests.UpdateUserTest" executed="True" result="Success" success="True" time="0.030" asserts="1">
                            <properties>
                              <property name="Order" value="5" />
                            </properties>
                          </test-case>
                          <test-case name="SkillTracker.Services.Tests.UserServiceTests.DeleteUserTest" executed="True" result="Success" success="True" time="0.015" asserts="1">
                            <properties>
                              <property name="Order" value="6" />
                            </properties>
                          </test-case>
                        </results>
                      </test-suite>
                    </results>
                  </test-suite>
                </results>
              </test-suite>
            </results>
          </test-suite>
        </results>
      </test-suite>
    </results>
  </test-suite>
</test-results>