<?xml version="1.0" encoding="utf-8" standalone="no"?>
<!--This file represents the results of running a test suite-->
<test-results name="C:\Final_SBA\SkillTracker\SkillTracker.Repository.Tests\SkillTracker.Repository.Tests.csproj" total="15" errors="0" failures="0" not-run="0" inconclusive="0" ignored="0" skipped="0" invalid="0" date="2018-07-12" time="13:36:59">
  <environment nunit-version="3.4.1.0" clr-version="4.0.30319.42000" os-version="Microsoft Windows NT 10.0.17134.0" platform="Win32NT" cwd="C:\Program Files (x86)\Jenkins\workspace\SkillTrackerService" machine-name="DOTNET" user="SYSTEM" user-domain="WORKGROUP" />
  <culture-info current-culture="en-IN" current-uiculture="en-US" />
  <test-suite type="Project" name="C:\Final_SBA\SkillTracker\SkillTracker.Repository.Tests\SkillTracker.Repository.Tests.csproj" executed="True" result="Success" success="True" time="0.000" asserts="21">
    <results>
      <test-suite type="Assembly" name="C:\Final_SBA\SkillTracker\SkillTracker.Repository.Tests\bin\Debug\SkillTracker.Repository.Tests.dll" executed="True" result="Success" success="True" time="14.921" asserts="21">
        <properties>
          <property name="_PID" value="12336" />
          <property name="_APPDOMAIN" value="test-domain-SkillTracker.Repository.Tests.csproj" />
        </properties>
        <results>
          <test-suite type="TestSuite" name="SkillTracker" executed="True" result="Success" success="True" time="14.858" asserts="21">
            <results>
              <test-suite type="TestSuite" name="Repository" executed="True" result="Success" success="True" time="14.854" asserts="21">
                <results>
                  <test-suite type="TestSuite" name="Tests" executed="True" result="Success" success="True" time="14.850" asserts="21">
                    <results>
                      <test-suite type="TestFixture" name="AssociateRepositoryTests" executed="True" result="Success" success="True" time="14.429" asserts="10">
                        <results>
                          <test-case name="SkillTracker.Repository.Tests.AssociateRepositoryTests.GetAllAssociates" executed="True" result="Success" success="True" time="11.432" asserts="1">
                            <properties>
                              <property name="Order" value="1" />
                            </properties>
                          </test-case>
                          <test-case name="SkillTracker.Repository.Tests.AssociateRepositoryTests.GetAssociateById" executed="True" result="Success" success="True" time="1.078" asserts="2">
                            <properties>
                              <property name="Order" value="2" />
                            </properties>
                          </test-case>
                          <test-case name="SkillTracker.Repository.Tests.AssociateRepositoryTests.GetAssociateByEmail" executed="True" result="Success" success="True" time="0.073" asserts="2">
                            <properties>
                              <property name="Order" value="3" />
                            </properties>
                          </test-case>
                          <test-case name="SkillTracker.Repository.Tests.AssociateRepositoryTests.CreateAssociateTest" executed="True" result="Success" success="True" time="1.504" asserts="2">
                            <properties>
                              <property name="Order" value="4" />
                            </properties>
                          </test-case>
                          <test-case name="SkillTracker.Repository.Tests.AssociateRepositoryTests.UpdateAssociateTest" executed="True" result="Success" success="True" time="0.080" asserts="2">
                            <properties>
                              <property name="Order" value="5" />
                            </properties>
                          </test-case>
                          <test-case name="SkillTracker.Repository.Tests.AssociateRepositoryTests.DeleteAssociateTest" executed="True" result="Success" success="True" time="0.198" asserts="1">
                            <properties>
                              <property name="Order" value="6" />
                            </properties>
                          </test-case>
                        </results>
                      </test-suite>
                      <test-suite type="TestFixture" name="SkillsRepositoryTests" executed="True" result="Success" success="True" time="0.280" asserts="8">
                        <results>
                          <test-case name="SkillTracker.Repository.Tests.SkillsRepositoryTests.GetAllSkills" executed="True" result="Success" success="True" time="0.141" asserts="1">
                            <properties>
                              <property name="Order" value="1" />
                            </properties>
                          </test-case>
                          <test-case name="SkillTracker.Repository.Tests.SkillsRepositoryTests.GetSkill" executed="True" result="Success" success="True" time="0.013" asserts="2">
                            <properties>
                              <property name="Order" value="2" />
                            </properties>
                          </test-case>
                          <test-case name="SkillTracker.Repository.Tests.SkillsRepositoryTests.CreateSkillTest" executed="True" result="Success" success="True" time="0.014" asserts="2">
                            <properties>
                              <property name="Order" value="3" />
                            </properties>
                          </test-case>
                          <test-case name="SkillTracker.Repository.Tests.SkillsRepositoryTests.UpdateSkillTest" executed="True" result="Success" success="True" time="0.070" asserts="2">
                            <properties>
                              <property name="Order" value="4" />
                            </properties>
                          </test-case>
                          <test-case name="SkillTracker.Repository.Tests.SkillsRepositoryTests.DeleteSkillTest" executed="True" result="Success" success="True" time="0.015" asserts="1">
                            <properties>
                              <property name="Order" value="5" />
                            </properties>
                          </test-case>
                        </results>
                      </test-suite>
                      <test-suite type="TestFixture" name="UserRepositoryTests" executed="True" result="Success" success="True" time="0.122" asserts="3">
                        <results>
                          <test-case name="SkillTracker.Repository.Tests.UserRepositoryTests.AddUserTest" executed="True" result="Success" success="True" time="0.058" asserts="1">
                            <properties>
                              <property name="Order" value="1" />
                            </properties>
                          </test-case>
                          <test-case name="SkillTracker.Repository.Tests.UserRepositoryTests.UserAlreadyExistsTest" executed="True" result="Success" success="True" time="0.006" asserts="0">
                            <properties>
                              <property name="Order" value="2" />
                            </properties>
                          </test-case>
                          <test-case name="SkillTracker.Repository.Tests.UserRepositoryTests.UpdateUserTest" executed="True" result="Success" success="True" time="0.027" asserts="1">
                            <properties>
                              <property name="Order" value="3" />
                            </properties>
                          </test-case>
                          <test-case name="SkillTracker.Repository.Tests.UserRepositoryTests.DeleteUserTest" executed="True" result="Success" success="True" time="0.015" asserts="1">
                            <properties>
                              <property name="Order" value="4" />
                            </properties>
                          </test-case>
                        </results>
                      </test-suite>
                    </results>
                  </test-suite>
                </results>
              </test-suite>
            </results>
          </test-suite>
        </results>
      </test-suite>
    </results>
  </test-suite>
</test-results>